[2022-12-25 21:58:57.212] [INFO ] [restartedMain] com.springboot.jpa.JpaApplication Starting JpaApplication using Java 11.0.15 on DESKTOP-3LEKA0R with PID 7692 (D:\JAVASource\workspace_springboot\jpa\target\classes started by dgk in D:\JAVASource\workspace_springboot\jpa)
[2022-12-25 21:58:57.214] [INFO ] [restartedMain] com.springboot.jpa.JpaApplication No active profile set, falling back to 1 default profile: "default"
[2022-12-25 21:58:57.270] [INFO ] [restartedMain] org.springframework.boot.devtools.env.DevToolsPropertyDefaultsPostProcessor Devtools property defaults active! Set 'spring.devtools.add-properties' to 'false' to disable
[2022-12-25 21:58:57.270] [INFO ] [restartedMain] org.springframework.boot.devtools.env.DevToolsPropertyDefaultsPostProcessor For additional web related logging consider setting the 'logging.level.web' property to 'DEBUG'
[2022-12-25 21:58:58.261] [INFO ] [restartedMain] org.springframework.data.repository.config.RepositoryConfigurationDelegate Bootstrapping Spring Data JPA repositories in DEFAULT mode.
[2022-12-25 21:58:58.325] [INFO ] [restartedMain] org.springframework.data.repository.config.RepositoryConfigurationDelegate Finished Spring Data repository scanning in 54 ms. Found 1 JPA repository interfaces.
[2022-12-25 21:58:59.001] [INFO ] [restartedMain] org.springframework.boot.web.embedded.tomcat.TomcatWebServer Tomcat initialized with port(s): 80 (http)
[2022-12-25 21:58:59.012] [INFO ] [restartedMain] org.apache.coyote.http11.Http11NioProtocol Initializing ProtocolHandler ["http-nio-80"]
[2022-12-25 21:58:59.012] [INFO ] [restartedMain] org.apache.catalina.core.StandardService Starting service [Tomcat]
[2022-12-25 21:58:59.012] [INFO ] [restartedMain] org.apache.catalina.core.StandardEngine Starting Servlet engine: [Apache Tomcat/9.0.70]
[2022-12-25 21:58:59.134] [INFO ] [restartedMain] org.apache.catalina.core.ContainerBase.[Tomcat].[localhost].[/] Initializing Spring embedded WebApplicationContext
[2022-12-25 21:58:59.134] [INFO ] [restartedMain] org.springframework.boot.web.servlet.context.ServletWebServerApplicationContext Root WebApplicationContext: initialization completed in 1863 ms
[2022-12-25 21:58:59.333] [INFO ] [restartedMain] org.hibernate.jpa.internal.util.LogHelper HHH000204: Processing PersistenceUnitInfo [name: default]
[2022-12-25 21:58:59.389] [INFO ] [restartedMain] org.hibernate.Version HHH000412: Hibernate ORM core version 5.6.14.Final
[2022-12-25 21:58:59.571] [INFO ] [restartedMain] org.hibernate.annotations.common.Version HCANN000001: Hibernate Commons Annotations {5.1.2.Final}
[2022-12-25 21:58:59.687] [INFO ] [restartedMain] com.zaxxer.hikari.HikariDataSource HikariPool-1 - Starting...
[2022-12-25 21:58:59.763] [INFO ] [restartedMain] com.zaxxer.hikari.HikariDataSource HikariPool-1 - Start completed.
[2022-12-25 21:58:59.805] [INFO ] [restartedMain] org.hibernate.dialect.Dialect HHH000400: Using dialect: org.hibernate.dialect.MariaDB103Dialect
[2022-12-25 21:59:00.447] [INFO ] [restartedMain] org.hibernate.engine.transaction.jta.platform.internal.JtaPlatformInitiator HHH000490: Using JtaPlatform implementation: [org.hibernate.engine.transaction.jta.platform.internal.NoJtaPlatform]
[2022-12-25 21:59:00.457] [INFO ] [restartedMain] org.springframework.orm.jpa.LocalContainerEntityManagerFactoryBean Initialized JPA EntityManagerFactory for persistence unit 'default'
[2022-12-25 21:59:00.913] [WARN ] [restartedMain] org.springframework.boot.autoconfigure.orm.jpa.JpaBaseConfiguration$JpaWebConfiguration spring.jpa.open-in-view is enabled by default. Therefore, database queries may be performed during view rendering. Explicitly configure spring.jpa.open-in-view to disable this warning
[2022-12-25 21:59:01.044] [INFO ] [restartedMain] springfox.documentation.spring.web.PropertySourcedRequestMappingHandlerMapping Mapped URL path [/v2/api-docs] onto method [springfox.documentation.swagger2.web.Swagger2Controller#getDocumentation(String, HttpServletRequest)]
[2022-12-25 21:59:01.177] [INFO ] [restartedMain] org.springframework.boot.devtools.autoconfigure.OptionalLiveReloadServer LiveReload server is running on port 35729
[2022-12-25 21:59:01.343] [INFO ] [restartedMain] org.apache.coyote.http11.Http11NioProtocol Starting ProtocolHandler ["http-nio-80"]
[2022-12-25 21:59:01.368] [INFO ] [restartedMain] org.springframework.boot.web.embedded.tomcat.TomcatWebServer Tomcat started on port(s): 80 (http) with context path ''
[2022-12-25 21:59:01.369] [INFO ] [restartedMain] springfox.documentation.spring.web.plugins.DocumentationPluginsBootstrapper Context refreshed
[2022-12-25 21:59:01.397] [INFO ] [restartedMain] springfox.documentation.spring.web.plugins.DocumentationPluginsBootstrapper Found 1 custom documentation plugin(s)
[2022-12-25 21:59:01.401] [WARN ] [restartedMain] org.springframework.boot.web.servlet.context.AnnotationConfigServletWebServerApplicationContext Exception encountered during context initialization - cancelling refresh attempt: org.springframework.context.ApplicationContextException: Failed to start bean 'documentationPluginsBootstrapper'; nested exception is java.lang.NullPointerException
[2022-12-25 21:59:01.404] [INFO ] [restartedMain] org.springframework.orm.jpa.LocalContainerEntityManagerFactoryBean Closing JPA EntityManagerFactory for persistence unit 'default'
[2022-12-25 21:59:01.407] [INFO ] [restartedMain] com.zaxxer.hikari.HikariDataSource HikariPool-1 - Shutdown initiated...
[2022-12-25 21:59:01.416] [INFO ] [restartedMain] com.zaxxer.hikari.HikariDataSource HikariPool-1 - Shutdown completed.
[2022-12-25 21:59:01.436] [INFO ] [http-nio-80-exec-1] org.apache.catalina.core.ContainerBase.[Tomcat].[localhost].[/] Initializing Spring DispatcherServlet 'dispatcherServlet'
[2022-12-25 21:59:01.437] [INFO ] [http-nio-80-exec-1] org.springframework.web.servlet.DispatcherServlet Initializing Servlet 'dispatcherServlet'
[2022-12-25 21:59:01.440] [ERROR] [http-nio-80-exec-1] org.springframework.web.servlet.DispatcherServlet Context initialization failed
java.lang.IllegalStateException: Cannot set parent bean factory to self
	at org.springframework.beans.factory.support.AbstractBeanFactory.setParentBeanFactory(AbstractBeanFactory.java:797)
	at org.springframework.context.support.GenericApplicationContext.setParent(GenericApplicationContext.java:161)
	at org.springframework.web.servlet.FrameworkServlet.initWebApplicationContext(FrameworkServlet.java:576)
	at org.springframework.web.servlet.FrameworkServlet.initServletBean(FrameworkServlet.java:530)
	at org.springframework.web.servlet.HttpServletBean.init(HttpServletBean.java:170)
	at javax.servlet.GenericServlet.init(GenericServlet.java:158)
	at org.apache.catalina.core.StandardWrapper.initServlet(StandardWrapper.java:1161)
	at org.apache.catalina.core.StandardWrapper.allocate(StandardWrapper.java:803)
	at org.apache.catalina.core.StandardWrapperValve.invoke(StandardWrapperValve.java:118)
	at org.apache.catalina.core.StandardContextValve.invoke(StandardContextValve.java:97)
	at org.apache.catalina.authenticator.AuthenticatorBase.invoke(AuthenticatorBase.java:541)
	at org.apache.catalina.core.StandardHostValve.invoke(StandardHostValve.java:135)
	at org.apache.catalina.valves.ErrorReportValve.invoke(ErrorReportValve.java:92)
	at org.apache.catalina.core.StandardEngineValve.invoke(StandardEngineValve.java:78)
	at org.apache.catalina.connector.CoyoteAdapter.service(CoyoteAdapter.java:360)
	at org.apache.coyote.http11.Http11Processor.service(Http11Processor.java:399)
	at org.apache.coyote.AbstractProcessorLight.process(AbstractProcessorLight.java:65)
	at org.apache.coyote.AbstractProtocol$ConnectionHandler.process(AbstractProtocol.java:891)
	at org.apache.tomcat.util.net.NioEndpoint$SocketProcessor.doRun(NioEndpoint.java:1784)
	at org.apache.tomcat.util.net.SocketProcessorBase.run(SocketProcessorBase.java:49)
	at org.apache.tomcat.util.threads.ThreadPoolExecutor.runWorker(ThreadPoolExecutor.java:1191)
	at org.apache.tomcat.util.threads.ThreadPoolExecutor$Worker.run(ThreadPoolExecutor.java:659)
	at org.apache.tomcat.util.threads.TaskThread$WrappingRunnable.run(TaskThread.java:61)
	at java.base/java.lang.Thread.run(Thread.java:834)
[2022-12-25 21:59:01.440] [ERROR] [http-nio-80-exec-1] org.apache.catalina.core.ContainerBase.[Tomcat].[localhost].[/] Servlet.init() for servlet [dispatcherServlet] threw exception
java.lang.IllegalStateException: Cannot set parent bean factory to self
	at org.springframework.beans.factory.support.AbstractBeanFactory.setParentBeanFactory(AbstractBeanFactory.java:797)
	at org.springframework.context.support.GenericApplicationContext.setParent(GenericApplicationContext.java:161)
	at org.springframework.web.servlet.FrameworkServlet.initWebApplicationContext(FrameworkServlet.java:576)
	at org.springframework.web.servlet.FrameworkServlet.initServletBean(FrameworkServlet.java:530)
	at org.springframework.web.servlet.HttpServletBean.init(HttpServletBean.java:170)
	at javax.servlet.GenericServlet.init(GenericServlet.java:158)
	at org.apache.catalina.core.StandardWrapper.initServlet(StandardWrapper.java:1161)
	at org.apache.catalina.core.StandardWrapper.allocate(StandardWrapper.java:803)
	at org.apache.catalina.core.StandardWrapperValve.invoke(StandardWrapperValve.java:118)
	at org.apache.catalina.core.StandardContextValve.invoke(StandardContextValve.java:97)
	at org.apache.catalina.authenticator.AuthenticatorBase.invoke(AuthenticatorBase.java:541)
	at org.apache.catalina.core.StandardHostValve.invoke(StandardHostValve.java:135)
	at org.apache.catalina.valves.ErrorReportValve.invoke(ErrorReportValve.java:92)
	at org.apache.catalina.core.StandardEngineValve.invoke(StandardEngineValve.java:78)
	at org.apache.catalina.connector.CoyoteAdapter.service(CoyoteAdapter.java:360)
	at org.apache.coyote.http11.Http11Processor.service(Http11Processor.java:399)
	at org.apache.coyote.AbstractProcessorLight.process(AbstractProcessorLight.java:65)
	at org.apache.coyote.AbstractProtocol$ConnectionHandler.process(AbstractProtocol.java:891)
	at org.apache.tomcat.util.net.NioEndpoint$SocketProcessor.doRun(NioEndpoint.java:1784)
	at org.apache.tomcat.util.net.SocketProcessorBase.run(SocketProcessorBase.java:49)
	at org.apache.tomcat.util.threads.ThreadPoolExecutor.runWorker(ThreadPoolExecutor.java:1191)
	at org.apache.tomcat.util.threads.ThreadPoolExecutor$Worker.run(ThreadPoolExecutor.java:659)
	at org.apache.tomcat.util.threads.TaskThread$WrappingRunnable.run(TaskThread.java:61)
	at java.base/java.lang.Thread.run(Thread.java:834)
[2022-12-25 21:59:01.442] [ERROR] [http-nio-80-exec-1] org.apache.catalina.core.ContainerBase.[Tomcat].[localhost].[/].[dispatcherServlet] Allocate exception for servlet [dispatcherServlet]
java.lang.IllegalStateException: Cannot set parent bean factory to self
	at org.springframework.beans.factory.support.AbstractBeanFactory.setParentBeanFactory(AbstractBeanFactory.java:797)
	at org.springframework.context.support.GenericApplicationContext.setParent(GenericApplicationContext.java:161)
	at org.springframework.web.servlet.FrameworkServlet.initWebApplicationContext(FrameworkServlet.java:576)
	at org.springframework.web.servlet.FrameworkServlet.initServletBean(FrameworkServlet.java:530)
	at org.springframework.web.servlet.HttpServletBean.init(HttpServletBean.java:170)
	at javax.servlet.GenericServlet.init(GenericServlet.java:158)
	at org.apache.catalina.core.StandardWrapper.initServlet(StandardWrapper.java:1161)
	at org.apache.catalina.core.StandardWrapper.allocate(StandardWrapper.java:803)
	at org.apache.catalina.core.StandardWrapperValve.invoke(StandardWrapperValve.java:118)
	at org.apache.catalina.core.StandardContextValve.invoke(StandardContextValve.java:97)
	at org.apache.catalina.authenticator.AuthenticatorBase.invoke(AuthenticatorBase.java:541)
	at org.apache.catalina.core.StandardHostValve.invoke(StandardHostValve.java:135)
	at org.apache.catalina.valves.ErrorReportValve.invoke(ErrorReportValve.java:92)
	at org.apache.catalina.core.StandardEngineValve.invoke(StandardEngineValve.java:78)
	at org.apache.catalina.connector.CoyoteAdapter.service(CoyoteAdapter.java:360)
	at org.apache.coyote.http11.Http11Processor.service(Http11Processor.java:399)
	at org.apache.coyote.AbstractProcessorLight.process(AbstractProcessorLight.java:65)
	at org.apache.coyote.AbstractProtocol$ConnectionHandler.process(AbstractProtocol.java:891)
	at org.apache.tomcat.util.net.NioEndpoint$SocketProcessor.doRun(NioEndpoint.java:1784)
	at org.apache.tomcat.util.net.SocketProcessorBase.run(SocketProcessorBase.java:49)
	at org.apache.tomcat.util.threads.ThreadPoolExecutor.runWorker(ThreadPoolExecutor.java:1191)
	at org.apache.tomcat.util.threads.ThreadPoolExecutor$Worker.run(ThreadPoolExecutor.java:659)
	at org.apache.tomcat.util.threads.TaskThread$WrappingRunnable.run(TaskThread.java:61)
	at java.base/java.lang.Thread.run(Thread.java:834)
[2022-12-25 21:59:01.453] [INFO ] [http-nio-80-exec-1] org.apache.catalina.core.ContainerBase.[Tomcat].[localhost].[/] Initializing Spring DispatcherServlet 'dispatcherServlet'
[2022-12-25 21:59:01.453] [INFO ] [http-nio-80-exec-1] org.springframework.web.servlet.DispatcherServlet Initializing Servlet 'dispatcherServlet'
[2022-12-25 21:59:01.595] [INFO ] [restartedMain] org.apache.coyote.http11.Http11NioProtocol Pausing ProtocolHandler ["http-nio-80"]
[2022-12-25 21:59:01.596] [INFO ] [restartedMain] org.apache.catalina.core.StandardService Stopping service [Tomcat]
[2022-12-25 22:02:23.354] [INFO ] [restartedMain] com.springboot.jpa.JpaApplication Starting JpaApplication using Java 11.0.15 on DESKTOP-3LEKA0R with PID 20292 (D:\JAVASource\workspace_springboot\jpa\target\classes started by dgk in D:\JAVASource\workspace_springboot\jpa)
[2022-12-25 22:02:23.355] [INFO ] [restartedMain] com.springboot.jpa.JpaApplication No active profile set, falling back to 1 default profile: "default"
[2022-12-25 22:02:23.412] [INFO ] [restartedMain] org.springframework.boot.devtools.env.DevToolsPropertyDefaultsPostProcessor Devtools property defaults active! Set 'spring.devtools.add-properties' to 'false' to disable
[2022-12-25 22:02:23.412] [INFO ] [restartedMain] org.springframework.boot.devtools.env.DevToolsPropertyDefaultsPostProcessor For additional web related logging consider setting the 'logging.level.web' property to 'DEBUG'
[2022-12-25 22:02:24.388] [INFO ] [restartedMain] org.springframework.data.repository.config.RepositoryConfigurationDelegate Bootstrapping Spring Data JPA repositories in DEFAULT mode.
[2022-12-25 22:02:24.453] [INFO ] [restartedMain] org.springframework.data.repository.config.RepositoryConfigurationDelegate Finished Spring Data repository scanning in 54 ms. Found 1 JPA repository interfaces.
[2022-12-25 22:02:25.089] [INFO ] [restartedMain] org.springframework.boot.web.embedded.tomcat.TomcatWebServer Tomcat initialized with port(s): 80 (http)
[2022-12-25 22:02:25.099] [INFO ] [restartedMain] org.apache.coyote.http11.Http11NioProtocol Initializing ProtocolHandler ["http-nio-80"]
[2022-12-25 22:02:25.100] [INFO ] [restartedMain] org.apache.catalina.core.StandardService Starting service [Tomcat]
[2022-12-25 22:02:25.100] [INFO ] [restartedMain] org.apache.catalina.core.StandardEngine Starting Servlet engine: [Apache Tomcat/9.0.70]
[2022-12-25 22:02:25.224] [INFO ] [restartedMain] org.apache.catalina.core.ContainerBase.[Tomcat].[localhost].[/] Initializing Spring embedded WebApplicationContext
[2022-12-25 22:02:25.224] [INFO ] [restartedMain] org.springframework.boot.web.servlet.context.ServletWebServerApplicationContext Root WebApplicationContext: initialization completed in 1812 ms
[2022-12-25 22:02:25.416] [INFO ] [restartedMain] org.hibernate.jpa.internal.util.LogHelper HHH000204: Processing PersistenceUnitInfo [name: default]
[2022-12-25 22:02:25.474] [INFO ] [restartedMain] org.hibernate.Version HHH000412: Hibernate ORM core version 5.6.14.Final
[2022-12-25 22:02:25.658] [INFO ] [restartedMain] org.hibernate.annotations.common.Version HCANN000001: Hibernate Commons Annotations {5.1.2.Final}
[2022-12-25 22:02:25.782] [INFO ] [restartedMain] com.zaxxer.hikari.HikariDataSource HikariPool-1 - Starting...
[2022-12-25 22:02:25.859] [INFO ] [restartedMain] com.zaxxer.hikari.HikariDataSource HikariPool-1 - Start completed.
[2022-12-25 22:02:25.900] [INFO ] [restartedMain] org.hibernate.dialect.Dialect HHH000400: Using dialect: org.hibernate.dialect.MariaDB103Dialect
[2022-12-25 22:02:26.572] [INFO ] [restartedMain] org.hibernate.engine.transaction.jta.platform.internal.JtaPlatformInitiator HHH000490: Using JtaPlatform implementation: [org.hibernate.engine.transaction.jta.platform.internal.NoJtaPlatform]
[2022-12-25 22:02:26.581] [INFO ] [restartedMain] org.springframework.orm.jpa.LocalContainerEntityManagerFactoryBean Initialized JPA EntityManagerFactory for persistence unit 'default'
[2022-12-25 22:02:27.053] [WARN ] [restartedMain] org.springframework.boot.autoconfigure.orm.jpa.JpaBaseConfiguration$JpaWebConfiguration spring.jpa.open-in-view is enabled by default. Therefore, database queries may be performed during view rendering. Explicitly configure spring.jpa.open-in-view to disable this warning
[2022-12-25 22:02:27.182] [INFO ] [restartedMain] springfox.documentation.spring.web.PropertySourcedRequestMappingHandlerMapping Mapped URL path [/v2/api-docs] onto method [springfox.documentation.swagger2.web.Swagger2Controller#getDocumentation(String, HttpServletRequest)]
[2022-12-25 22:02:27.318] [INFO ] [restartedMain] org.springframework.boot.devtools.autoconfigure.OptionalLiveReloadServer LiveReload server is running on port 35729
[2022-12-25 22:02:27.478] [INFO ] [restartedMain] org.apache.coyote.http11.Http11NioProtocol Starting ProtocolHandler ["http-nio-80"]
[2022-12-25 22:02:27.504] [INFO ] [restartedMain] org.springframework.boot.web.embedded.tomcat.TomcatWebServer Tomcat started on port(s): 80 (http) with context path ''
[2022-12-25 22:02:27.505] [INFO ] [restartedMain] springfox.documentation.spring.web.plugins.DocumentationPluginsBootstrapper Context refreshed
[2022-12-25 22:02:27.532] [INFO ] [restartedMain] springfox.documentation.spring.web.plugins.DocumentationPluginsBootstrapper Found 1 custom documentation plugin(s)
[2022-12-25 22:02:27.535] [WARN ] [restartedMain] org.springframework.boot.web.servlet.context.AnnotationConfigServletWebServerApplicationContext Exception encountered during context initialization - cancelling refresh attempt: org.springframework.context.ApplicationContextException: Failed to start bean 'documentationPluginsBootstrapper'; nested exception is java.lang.NullPointerException
[2022-12-25 22:02:27.538] [INFO ] [restartedMain] org.springframework.orm.jpa.LocalContainerEntityManagerFactoryBean Closing JPA EntityManagerFactory for persistence unit 'default'
[2022-12-25 22:02:27.541] [INFO ] [restartedMain] com.zaxxer.hikari.HikariDataSource HikariPool-1 - Shutdown initiated...
[2022-12-25 22:02:27.550] [INFO ] [restartedMain] com.zaxxer.hikari.HikariDataSource HikariPool-1 - Shutdown completed.
[2022-12-25 22:02:27.739] [INFO ] [restartedMain] org.apache.coyote.http11.Http11NioProtocol Pausing ProtocolHandler ["http-nio-80"]
[2022-12-25 22:02:27.740] [INFO ] [restartedMain] org.apache.catalina.core.StandardService Stopping service [Tomcat]
[2022-12-25 22:02:27.744] [INFO ] [restartedMain] org.apache.coyote.http11.Http11NioProtocol Stopping ProtocolHandler ["http-nio-80"]
[2022-12-25 22:02:27.748] [INFO ] [restartedMain] org.apache.coyote.http11.Http11NioProtocol Destroying ProtocolHandler ["http-nio-80"]
[2022-12-25 22:02:27.756] [INFO ] [restartedMain] org.springframework.boot.autoconfigure.logging.ConditionEvaluationReportLoggingListener 

Error starting ApplicationContext. To display the conditions report re-run your application with 'debug' enabled.
[2022-12-25 22:02:27.783] [ERROR] [restartedMain] org.springframework.boot.SpringApplication Application run failed
org.springframework.context.ApplicationContextException: Failed to start bean 'documentationPluginsBootstrapper'; nested exception is java.lang.NullPointerException
	at org.springframework.context.support.DefaultLifecycleProcessor.doStart(DefaultLifecycleProcessor.java:181)
	at org.springframework.context.support.DefaultLifecycleProcessor.access$200(DefaultLifecycleProcessor.java:54)
	at org.springframework.context.support.DefaultLifecycleProcessor$LifecycleGroup.start(DefaultLifecycleProcessor.java:356)
	at java.base/java.lang.Iterable.forEach(Iterable.java:75)
	at org.springframework.context.support.DefaultLifecycleProcessor.startBeans(DefaultLifecycleProcessor.java:155)
	at org.springframework.context.support.DefaultLifecycleProcessor.onRefresh(DefaultLifecycleProcessor.java:123)
	at org.springframework.context.support.AbstractApplicationContext.finishRefresh(AbstractApplicationContext.java:935)
	at org.springframework.context.support.AbstractApplicationContext.refresh(AbstractApplicationContext.java:586)
	at org.springframework.boot.web.servlet.context.ServletWebServerApplicationContext.refresh(ServletWebServerApplicationContext.java:147)
	at org.springframework.boot.SpringApplication.refresh(SpringApplication.java:731)
	at org.springframework.boot.SpringApplication.refreshContext(SpringApplication.java:408)
	at org.springframework.boot.SpringApplication.run(SpringApplication.java:307)
	at org.springframework.boot.SpringApplication.run(SpringApplication.java:1303)
	at org.springframework.boot.SpringApplication.run(SpringApplication.java:1292)
	at com.springboot.jpa.JpaApplication.main(JpaApplication.java:10)
	at java.base/jdk.internal.reflect.NativeMethodAccessorImpl.invoke0(Native Method)
	at java.base/jdk.internal.reflect.NativeMethodAccessorImpl.invoke(NativeMethodAccessorImpl.java:62)
	at java.base/jdk.internal.reflect.DelegatingMethodAccessorImpl.invoke(DelegatingMethodAccessorImpl.java:43)
	at java.base/java.lang.reflect.Method.invoke(Method.java:566)
	at org.springframework.boot.devtools.restart.RestartLauncher.run(RestartLauncher.java:49)
Caused by: java.lang.NullPointerException: null
	at springfox.documentation.spi.service.contexts.Orderings$8.compare(Orderings.java:112)
	at springfox.documentation.spi.service.contexts.Orderings$8.compare(Orderings.java:109)
	at com.google.common.collect.ComparatorOrdering.compare(ComparatorOrdering.java:37)
	at java.base/java.util.TimSort.countRunAndMakeAscending(TimSort.java:355)
	at java.base/java.util.TimSort.sort(TimSort.java:220)
	at java.base/java.util.Arrays.sort(Arrays.java:1441)
	at com.google.common.collect.Ordering.sortedCopy(Ordering.java:855)
	at springfox.documentation.spring.web.plugins.WebMvcRequestHandlerProvider.requestHandlers(WebMvcRequestHandlerProvider.java:57)
	at springfox.documentation.spring.web.plugins.DocumentationPluginsBootstrapper$2.apply(DocumentationPluginsBootstrapper.java:138)
	at springfox.documentation.spring.web.plugins.DocumentationPluginsBootstrapper$2.apply(DocumentationPluginsBootstrapper.java:135)
	at com.google.common.collect.Iterators$7.transform(Iterators.java:750)
	at com.google.common.collect.TransformedIterator.next(TransformedIterator.java:47)
	at com.google.common.collect.TransformedIterator.next(TransformedIterator.java:47)
	at com.google.common.collect.MultitransformedIterator.hasNext(MultitransformedIterator.java:52)
	at com.google.common.collect.MultitransformedIterator.hasNext(MultitransformedIterator.java:50)
	at com.google.common.collect.ImmutableList.copyOf(ImmutableList.java:249)
	at com.google.common.collect.ImmutableList.copyOf(ImmutableList.java:209)
	at com.google.common.collect.FluentIterable.toList(FluentIterable.java:614)
	at springfox.documentation.spring.web.plugins.DocumentationPluginsBootstrapper.defaultContextBuilder(DocumentationPluginsBootstrapper.java:111)
	at springfox.documentation.spring.web.plugins.DocumentationPluginsBootstrapper.buildContext(DocumentationPluginsBootstrapper.java:96)
	at springfox.documentation.spring.web.plugins.DocumentationPluginsBootstrapper.start(DocumentationPluginsBootstrapper.java:167)
	at org.springframework.context.support.DefaultLifecycleProcessor.doStart(DefaultLifecycleProcessor.java:178)
	... 19 common frames omitted
[2022-12-25 22:03:46.843] [INFO ] [restartedMain] com.springboot.jpa.JpaApplication Starting JpaApplication using Java 11.0.15 on DESKTOP-3LEKA0R with PID 17252 (D:\JAVASource\workspace_springboot\jpa\target\classes started by dgk in D:\JAVASource\workspace_springboot\jpa)
[2022-12-25 22:03:46.845] [INFO ] [restartedMain] com.springboot.jpa.JpaApplication No active profile set, falling back to 1 default profile: "default"
[2022-12-25 22:03:46.896] [INFO ] [restartedMain] org.springframework.boot.devtools.env.DevToolsPropertyDefaultsPostProcessor Devtools property defaults active! Set 'spring.devtools.add-properties' to 'false' to disable
[2022-12-25 22:03:46.896] [INFO ] [restartedMain] org.springframework.boot.devtools.env.DevToolsPropertyDefaultsPostProcessor For additional web related logging consider setting the 'logging.level.web' property to 'DEBUG'
[2022-12-25 22:03:47.805] [INFO ] [restartedMain] org.springframework.data.repository.config.RepositoryConfigurationDelegate Bootstrapping Spring Data JPA repositories in DEFAULT mode.
[2022-12-25 22:03:47.874] [INFO ] [restartedMain] org.springframework.data.repository.config.RepositoryConfigurationDelegate Finished Spring Data repository scanning in 58 ms. Found 1 JPA repository interfaces.
[2022-12-25 22:03:48.531] [INFO ] [restartedMain] org.springframework.boot.web.embedded.tomcat.TomcatWebServer Tomcat initialized with port(s): 80 (http)
[2022-12-25 22:03:48.541] [INFO ] [restartedMain] org.apache.coyote.http11.Http11NioProtocol Initializing ProtocolHandler ["http-nio-80"]
[2022-12-25 22:03:48.541] [INFO ] [restartedMain] org.apache.catalina.core.StandardService Starting service [Tomcat]
[2022-12-25 22:03:48.542] [INFO ] [restartedMain] org.apache.catalina.core.StandardEngine Starting Servlet engine: [Apache Tomcat/9.0.70]
[2022-12-25 22:03:48.671] [INFO ] [restartedMain] org.apache.catalina.core.ContainerBase.[Tomcat].[localhost].[/] Initializing Spring embedded WebApplicationContext
[2022-12-25 22:03:48.671] [INFO ] [restartedMain] org.springframework.boot.web.servlet.context.ServletWebServerApplicationContext Root WebApplicationContext: initialization completed in 1774 ms
[2022-12-25 22:03:48.869] [INFO ] [restartedMain] org.hibernate.jpa.internal.util.LogHelper HHH000204: Processing PersistenceUnitInfo [name: default]
[2022-12-25 22:03:48.931] [INFO ] [restartedMain] org.hibernate.Version HHH000412: Hibernate ORM core version 5.6.14.Final
[2022-12-25 22:03:49.130] [INFO ] [restartedMain] org.hibernate.annotations.common.Version HCANN000001: Hibernate Commons Annotations {5.1.2.Final}
[2022-12-25 22:03:49.268] [INFO ] [restartedMain] com.zaxxer.hikari.HikariDataSource HikariPool-1 - Starting...
[2022-12-25 22:03:49.348] [INFO ] [restartedMain] com.zaxxer.hikari.HikariDataSource HikariPool-1 - Start completed.
[2022-12-25 22:03:49.389] [INFO ] [restartedMain] org.hibernate.dialect.Dialect HHH000400: Using dialect: org.hibernate.dialect.MariaDB103Dialect
[2022-12-25 22:03:50.065] [INFO ] [restartedMain] org.hibernate.engine.transaction.jta.platform.internal.JtaPlatformInitiator HHH000490: Using JtaPlatform implementation: [org.hibernate.engine.transaction.jta.platform.internal.NoJtaPlatform]
[2022-12-25 22:03:50.076] [INFO ] [restartedMain] org.springframework.orm.jpa.LocalContainerEntityManagerFactoryBean Initialized JPA EntityManagerFactory for persistence unit 'default'
[2022-12-25 22:03:50.570] [WARN ] [restartedMain] org.springframework.boot.autoconfigure.orm.jpa.JpaBaseConfiguration$JpaWebConfiguration spring.jpa.open-in-view is enabled by default. Therefore, database queries may be performed during view rendering. Explicitly configure spring.jpa.open-in-view to disable this warning
[2022-12-25 22:03:50.703] [INFO ] [restartedMain] springfox.documentation.spring.web.PropertySourcedRequestMappingHandlerMapping Mapped URL path [/v2/api-docs] onto method [springfox.documentation.swagger2.web.Swagger2Controller#getDocumentation(String, HttpServletRequest)]
[2022-12-25 22:03:50.837] [INFO ] [restartedMain] org.springframework.boot.devtools.autoconfigure.OptionalLiveReloadServer LiveReload server is running on port 35729
[2022-12-25 22:03:51.003] [INFO ] [restartedMain] org.apache.coyote.http11.Http11NioProtocol Starting ProtocolHandler ["http-nio-80"]
[2022-12-25 22:03:51.029] [INFO ] [restartedMain] org.springframework.boot.web.embedded.tomcat.TomcatWebServer Tomcat started on port(s): 80 (http) with context path ''
[2022-12-25 22:03:51.030] [INFO ] [restartedMain] springfox.documentation.spring.web.plugins.DocumentationPluginsBootstrapper Context refreshed
[2022-12-25 22:03:51.059] [INFO ] [restartedMain] springfox.documentation.spring.web.plugins.DocumentationPluginsBootstrapper Found 1 custom documentation plugin(s)
[2022-12-25 22:03:51.094] [INFO ] [restartedMain] springfox.documentation.spring.web.scanners.ApiListingReferenceScanner Scanning for api listing references
[2022-12-25 22:03:51.097] [INFO ] [http-nio-80-exec-1] org.apache.catalina.core.ContainerBase.[Tomcat].[localhost].[/] Initializing Spring DispatcherServlet 'dispatcherServlet'
[2022-12-25 22:03:51.099] [INFO ] [http-nio-80-exec-1] org.springframework.web.servlet.DispatcherServlet Initializing Servlet 'dispatcherServlet'
[2022-12-25 22:03:51.100] [INFO ] [http-nio-80-exec-1] org.springframework.web.servlet.DispatcherServlet Completed initialization in 1 ms
[2022-12-25 22:03:51.237] [INFO ] [restartedMain] com.springboot.jpa.JpaApplication Started JpaApplication in 4.927 seconds (JVM running for 6.136)
[2022-12-25 22:04:21.794] [INFO ] [RMI TCP Connection(9)-127.0.0.1] org.springframework.boot.admin.SpringApplicationAdminMXBeanRegistrar$SpringApplicationAdmin Application shutdown requested.
[2022-12-25 22:04:21.998] [INFO ] [RMI TCP Connection(9)-127.0.0.1] org.apache.coyote.http11.Http11NioProtocol Pausing ProtocolHandler ["http-nio-80"]
[2022-12-25 22:04:21.998] [INFO ] [RMI TCP Connection(9)-127.0.0.1] org.apache.catalina.core.StandardService Stopping service [Tomcat]
[2022-12-25 22:04:22.000] [INFO ] [RMI TCP Connection(9)-127.0.0.1] org.apache.catalina.core.ContainerBase.[Tomcat].[localhost].[/] Destroying Spring FrameworkServlet 'dispatcherServlet'
[2022-12-25 22:04:22.005] [INFO ] [RMI TCP Connection(9)-127.0.0.1] org.apache.coyote.http11.Http11NioProtocol Stopping ProtocolHandler ["http-nio-80"]
[2022-12-25 22:04:22.008] [INFO ] [RMI TCP Connection(9)-127.0.0.1] org.apache.coyote.http11.Http11NioProtocol Destroying ProtocolHandler ["http-nio-80"]
[2022-12-25 22:04:22.013] [INFO ] [RMI TCP Connection(9)-127.0.0.1] org.springframework.orm.jpa.LocalContainerEntityManagerFactoryBean Closing JPA EntityManagerFactory for persistence unit 'default'
[2022-12-25 22:04:22.017] [INFO ] [RMI TCP Connection(9)-127.0.0.1] com.zaxxer.hikari.HikariDataSource HikariPool-1 - Shutdown initiated...
[2022-12-25 22:04:22.022] [INFO ] [RMI TCP Connection(9)-127.0.0.1] com.zaxxer.hikari.HikariDataSource HikariPool-1 - Shutdown completed.
